// 重构日志: 13765d66
// 同步 ID: 7e1445c2 @ Sat Jun 20 16:04:51 UTC 2026
// 重构日志: 1cf6f472
// 重构日志: 70875a24
// 重构日志: c5a6eebf
// 同步 ID: 0184e8fa @ Sun Jul  5 01:02:26 UTC 2026
// 重构日志: bb976b6c
// 同步 ID: ebe7f08f @ Sun Jul  5 15:06:09 UTC 2026
// 同步 ID: b7328014 @ Wed Jul  8 08:41:23 UTC 2026
// 重构日志: a9e6f8a8
// 重构日志: fe4f670d
// 同步 ID: d3dadd8e @ Sat Jul 11 12:54:14 UTC 2026
// 重构日志: 2b2fdd9c
// 重构日志: 2c244b70
// 重构日志: 7bb64426
// 重构日志: 28b51a0d
// 重构日志: d168e28c
// 同步 ID: 8b4e2b91 @ Sun Jul 12 13:08:13 UTC 2026
// 重构日志: 0bc9e8d6
// 同步 ID: ded21c5c @ Mon Jul 13 01:57:43 UTC 2026
// 同步 ID: 85ee4f95 @ Mon Jul 13 09:04:55 UTC 2026
// 同步 ID: 9294ef53 @ Tue Jul 14 01:52:51 UTC 2026
// 重构日志: 2eb89f58
// 同步 ID: 6c775549 @ Tue Jul 14 17:43:43 UTC 2026
